#
# There is insufficient memory for the Java Runtime Environment to continue.
# Native memory allocation (malloc) failed to allocate 2715216 bytes for Chunk::new
# Possible reasons:
#   The system is out of physical RAM or swap space
#   The process is running with CompressedOops enabled, and the Java Heap may be blocking the growth of the native heap
# Possible solutions:
#   Reduce memory load on the system
#   Increase physical memory or swap space
#   Check if swap backing store is full
#   Decrease Java heap size (-Xmx/-Xms)
#   Decrease number of Java threads
#   Decrease Java thread stack sizes (-Xss)
#   Set larger code cache with -XX:ReservedCodeCacheSize=
#   JVM is running with Unscaled Compressed Oops mode in which the Java heap is
#     placed in the first 4GB address space. The Java Heap base address is the
#     maximum limit for the native heap growth. Please use -XX:HeapBaseMinAddress
#     to set the Java Heap base and to place the Java Heap above 4GB virtual address.
# This output file may be truncated or incomplete.
#
#  Out of Memory Error (allocation.cpp:389), pid=11512, tid=0x0000000000000eb8
#
# JRE version: OpenJDK Runtime Environment (8.0_242-b01) (build 1.8.0_242-release-1644-b01)
# Java VM: OpenJDK 64-Bit Server VM (25.242-b01 mixed mode windows-amd64 compressed oops)
# Failed to write core dump. Minidumps are not enabled by default on client versions of Windows
#

---------------  T H R E A D  ---------------

Current thread (0x0000000017316000):  JavaThread "C2 CompilerThread0" daemon [_thread_in_native, id=3768, stack(0x0000000018960000,0x0000000018a60000)]

Stack: [0x0000000018960000,0x0000000018a60000]
[error occurred during error reporting (printing stack bounds), id 0xc0000005]

Native frames: (J=compiled Java code, j=interpreted, Vv=VM code, C=native code)


Current CompileTask:
C2:   3512 1464       4       java.net.URLClassLoader$1::run (5 bytes)


---------------  P R O C E S S  ---------------

Java Threads: ( => current thread )
  0x000000001b1c9800 JavaThread "Cache worker for file hash cache (C:\Users\romar\.gradle\caches\6.5\fileHashes)" [_thread_blocked, id=6692, stack(0x000000001d290000,0x000000001d390000)]
  0x000000001b1cc800 JavaThread "File lock request listener" [_thread_in_native, id=13416, stack(0x000000001d190000,0x000000001d290000)]
  0x000000001b1c9000 JavaThread "Cache worker for journal cache (C:\Users\romar\.gradle\caches\journal-1)" [_thread_blocked, id=7272, stack(0x000000001d090000,0x000000001d190000)]
  0x000000001aed0800 JavaThread "Thread-9" [_thread_blocked, id=11588, stack(0x000000001cd90000,0x000000001ce90000)]
  0x000000001aed2800 JavaThread "Stdin handler" [_thread_blocked, id=3540, stack(0x000000001cc90000,0x000000001cd90000)]
  0x000000001aedc800 JavaThread "Asynchronous log dispatcher for DefaultDaemonConnection: socket connection from /127.0.0.1:53197 to /127.0.0.1:53198" [_thread_blocked, id=6516, stack(0x000000001cb90000,0x000000001cc90000)]
  0x000000001aedb000 JavaThread "Daemon worker" [_thread_in_Java, id=10956, stack(0x000000001ca90000,0x000000001cb90000)]
  0x000000001aed9800 JavaThread "Cancel handler" [_thread_blocked, id=11276, stack(0x000000001c990000,0x000000001ca90000)]
  0x0000000019c81000 JavaThread "Handler for socket connection from /127.0.0.1:53197 to /127.0.0.1:53198" [_thread_in_native, id=5260, stack(0x000000001c890000,0x000000001c990000)]
  0x0000000019c7e000 JavaThread "Daemon periodic checks" [_thread_blocked, id=3756, stack(0x000000001c790000,0x000000001c890000)]
  0x000000001ae92800 JavaThread "Daemon" [_thread_blocked, id=10880, stack(0x000000001c490000,0x000000001c590000)]
  0x000000001ae1f000 JavaThread "Incoming local TCP Connector on port 53197" [_thread_in_native, id=14076, stack(0x000000001c240000,0x000000001c340000)]
  0x000000001ad63800 JavaThread "Daemon health stats" [_thread_blocked, id=11256, stack(0x000000001bc00000,0x000000001bd00000)]
  0x0000000018c84800 JavaThread "Service Thread" daemon [_thread_blocked, id=12660, stack(0x0000000019060000,0x0000000019160000)]
  0x0000000017328000 JavaThread "C1 CompilerThread2" daemon [_thread_in_native, id=13804, stack(0x0000000018b60000,0x0000000018c60000)]
  0x0000000017323000 JavaThread "C2 CompilerThread1" daemon [_thread_blocked, id=6008, stack(0x0000000018a60000,0x0000000018b60000)]
=>0x0000000017316000 JavaThread "C2 CompilerThread0" daemon [_thread_in_native, id=3768, stack(0x0000000018960000,0x0000000018a60000)]
  0x0000000017315000 JavaThread "Attach Listener" daemon [_thread_blocked, id=11600, stack(0x0000000018860000,0x0000000018960000)]
  0x0000000017314000 JavaThread "Signal Dispatcher" daemon [_thread_blocked, id=5312, stack(0x0000000018760000,0x0000000018860000)]
  0x00000000026e6800 JavaThread "Finalizer" daemon [_thread_blocked, id=2916, stack(0x0000000018560000,0x0000000018660000)]
  0x00000000172f9800 JavaThread "Reference Handler" daemon [_thread_blocked, id=11464, stack(0x0000000018460000,0x0000000018560000)]
  0x00000000025ee000 JavaThread "main" [_thread_blocked, id=1804, stack(0x0000000002400000,0x0000000002500000)]

Other Threads:
  0x00000000172d6000 VMThread [stack: 0x0000000018360000,0x0000000018460000] [id=9932]
  0x0000000018c87000 WatcherThread [stack: 0x0000000019160000,0x0000000019260000] [id=14164]

VM state:not at safepoint (normal execution)

VM Mutex/Monitor currently owned by a thread: None

heap address: 0x0000000080000000, size: 2048 MB, Compressed Oops mode: 32-bit
Narrow klass base: 0x0000000000000000, Narrow klass shift: 3
Compressed class space size: 1073741824 Address: 0x0000000100000000

Heap:
 PSYoungGen      total 76288K, used 21959K [0x00000000d5580000, 0x00000000daa80000, 0x0000000100000000)
  eden space 65536K, 19% used [0x00000000d5580000,0x00000000d62091b8,0x00000000d9580000)
  from space 10752K, 84% used [0x00000000da000000,0x00000000da8e8d68,0x00000000daa80000)
  to   space 10752K, 0% used [0x00000000d9580000,0x00000000d9580000,0x00000000da000000)
 ParOldGen       total 175104K, used 24K [0x0000000080000000, 0x000000008ab00000, 0x00000000d5580000)
  object space 175104K, 0% used [0x0000000080000000,0x0000000080006000,0x000000008ab00000)
 Metaspace       used 16343K, capacity 16954K, committed 17024K, reserved 1064960K
  class space    used 2167K, capacity 2367K, committed 2432K, reserved 1048576K

Card table byte_map: [0x0000000011ab0000,0x0000000011ec0000] byte_map_base: 0x00000000116b0000

Marking Bits: (ParMarkBitMap*) 0x000000005a3af030
 Begin Bits: [0x0000000012570000, 0x0000000014570000)
 End Bits:   [0x0000000014570000, 0x0000000016570000)

Polling page: 0x0000000002380000

CodeCache: size=245760Kb used=5435Kb max_used=5435Kb free=240324Kb
 bounds [0x00000000026f0000, 0x0000000002c50000, 0x00000000116f0000]
 total_blobs=1894 nmethods=1497 adapters=310
 compilation: enabled

Compilation events (10 events):
Event: 3.372 Thread 0x0000000017328000 1486       3       jdk.internal.org.objectweb.asm.MethodWriter::visitFieldInsn (248 bytes)
Event: 3.373 Thread 0x0000000017328000 nmethod 1486 0x0000000002c32e90 code [0x0000000002c33060, 0x0000000002c33918]
Event: 3.379 Thread 0x0000000017323000 1489       4       jdk.internal.org.objectweb.asm.Item::<init> (66 bytes)
Event: 3.379 Thread 0x0000000017323000 nmethod 1489 0x0000000002c31590 code [0x0000000002c316c0, 0x0000000002c31778]
Event: 3.380 Thread 0x0000000017328000 1490       3       sun.reflect.ReflectionFactory::inflationThreshold (4 bytes)
Event: 3.380 Thread 0x0000000017328000 nmethod 1490 0x0000000002c31290 code [0x0000000002c313e0, 0x0000000002c31510]
Event: 3.433 Thread 0x0000000017328000 1491       1       java.util.concurrent.atomic.AtomicInteger::get (5 bytes)
Event: 3.433 Thread 0x0000000017328000 nmethod 1491 0x0000000002c30fd0 code [0x0000000002c31120, 0x0000000002c31230]
Event: 3.449 Thread 0x0000000017328000 1492       3       java.lang.ClassLoader::addClass (9 bytes)
Event: 3.450 Thread 0x0000000017328000 nmethod 1492 0x0000000002c30b90 code [0x0000000002c30d00, 0x0000000002c30f28]

GC Heap History (4 events):
Event: 1.510 GC heap before
{Heap before GC invocations=1 (full 0):
 PSYoungGen      total 76288K, used 65536K [0x00000000d5580000, 0x00000000daa80000, 0x0000000100000000)
  eden space 65536K, 100% used [0x00000000d5580000,0x00000000d9580000,0x00000000d9580000)
  from space 10752K, 0% used [0x00000000da000000,0x00000000da000000,0x00000000daa80000)
  to   space 10752K, 0% used [0x00000000d9580000,0x00000000d9580000,0x00000000da000000)
 ParOldGen       total 175104K, used 0K [0x0000000080000000, 0x000000008ab00000, 0x00000000d5580000)
  object space 175104K, 0% used [0x0000000080000000,0x0000000080000000,0x000000008ab00000)
 Metaspace       used 7458K, capacity 7684K, committed 7936K, reserved 1056768K
  class space    used 908K, capacity 1007K, committed 1024K, reserved 1048576K
Event: 1.516 GC heap after
Heap after GC invocations=1 (full 0):
 PSYoungGen      total 76288K, used 5647K [0x00000000d5580000, 0x00000000daa80000, 0x0000000100000000)
  eden space 65536K, 0% used [0x00000000d5580000,0x00000000d5580000,0x00000000d9580000)
  from space 10752K, 52% used [0x00000000d9580000,0x00000000d9b03f88,0x00000000da000000)
  to   space 10752K, 0% used [0x00000000da000000,0x00000000da000000,0x00000000daa80000)
 ParOldGen       total 175104K, used 16K [0x0000000080000000, 0x000000008ab00000, 0x00000000d5580000)
  object space 175104K, 0% used [0x0000000080000000,0x0000000080004000,0x000000008ab00000)
 Metaspace       used 7458K, capacity 7684K, committed 7936K, reserved 1056768K
  class space    used 908K, capacity 1007K, committed 1024K, reserved 1048576K
}
Event: 3.102 GC heap before
{Heap before GC invocations=2 (full 0):
 PSYoungGen      total 76288K, used 71183K [0x00000000d5580000, 0x00000000daa80000, 0x0000000100000000)
  eden space 65536K, 100% used [0x00000000d5580000,0x00000000d9580000,0x00000000d9580000)
  from space 10752K, 52% used [0x00000000d9580000,0x00000000d9b03f88,0x00000000da000000)
  to   space 10752K, 0% used [0x00000000da000000,0x00000000da000000,0x00000000daa80000)
 ParOldGen       total 175104K, used 16K [0x0000000080000000, 0x000000008ab00000, 0x00000000d5580000)
  object space 175104K, 0% used [0x0000000080000000,0x0000000080004000,0x000000008ab00000)
 Metaspace       used 14335K, capacity 14800K, committed 14976K, reserved 1062912K
  class space    used 1967K, capacity 2120K, committed 2176K, reserved 1048576K
Event: 3.134 GC heap after
Heap after GC invocations=2 (full 0):
 PSYoungGen      total 76288K, used 9123K [0x00000000d5580000, 0x00000000daa80000, 0x0000000100000000)
  eden space 65536K, 0% used [0x00000000d5580000,0x00000000d5580000,0x00000000d9580000)
  from space 10752K, 84% used [0x00000000da000000,0x00000000da8e8d68,0x00000000daa80000)
  to   space 10752K, 0% used [0x00000000d9580000,0x00000000d9580000,0x00000000da000000)
 ParOldGen       total 175104K, used 24K [0x0000000080000000, 0x000000008ab00000, 0x00000000d5580000)
  object space 175104K, 0% used [0x0000000080000000,0x0000000080006000,0x000000008ab00000)
 Metaspace       used 14335K, capacity 14800K, committed 14976K, reserved 1062912K
  class space    used 1967K, capacity 2120K, committed 2176K, reserved 1048576K
}

Deoptimization events (10 events):
Event: 2.531 Thread 0x000000001aedb000 Uncommon trap: reason=bimorphic action=maybe_recompile pc=0x00000000029c7548 method=java.util.HashMap.putVal(ILjava/lang/Object;Ljava/lang/Object;ZZ)Ljava/lang/Object; @ 253
Event: 2.531 Thread 0x000000001aedb000 Uncommon trap: reason=bimorphic action=maybe_recompile pc=0x00000000029c7548 method=java.util.HashMap.putVal(ILjava/lang/Object;Ljava/lang/Object;ZZ)Ljava/lang/Object; @ 253
Event: 2.531 Thread 0x000000001aedb000 Uncommon trap: reason=bimorphic action=maybe_recompile pc=0x00000000029c7548 method=java.util.HashMap.putVal(ILjava/lang/Object;Ljava/lang/Object;ZZ)Ljava/lang/Object; @ 253
Event: 2.531 Thread 0x000000001aedb000 Uncommon trap: reason=bimorphic action=maybe_recompile pc=0x00000000029c7548 method=java.util.HashMap.putVal(ILjava/lang/Object;Ljava/lang/Object;ZZ)Ljava/lang/Object; @ 253
Event: 3.015 Thread 0x000000001aedb000 Uncommon trap: reason=class_check action=maybe_recompile pc=0x0000000002a34358 method=java.util.regex.Matcher.match(II)Z @ 86
Event: 3.015 Thread 0x000000001aedb000 Uncommon trap: reason=class_check action=maybe_recompile pc=0x0000000002a34358 method=java.util.regex.Matcher.match(II)Z @ 86
Event: 3.016 Thread 0x000000001aedb000 Uncommon trap: reason=class_check action=maybe_recompile pc=0x0000000002a34358 method=java.util.regex.Matcher.match(II)Z @ 86
Event: 3.016 Thread 0x000000001aedb000 Uncommon trap: reason=class_check action=maybe_recompile pc=0x00000000028b340c method=java.util.regex.Matcher.match(II)Z @ 86
Event: 3.270 Thread 0x000000001aedb000 Uncommon trap: reason=unstable_if action=reinterpret pc=0x0000000002a311d4 method=java.io.File.getName()Ljava/lang/String; @ 16
Event: 3.270 Thread 0x000000001aedb000 Uncommon trap: reason=unstable_if action=reinterpret pc=0x0000000002a29acc method=java.lang.String.substring(I)Ljava/lang/String; @ 35

Classes redefined (0 events):
No events

Internal exceptions (10 events):
Event: 2.479 Thread 0x0000000019c81000 Exception <a 'java/lang/NoSuchMethodError': <clinit>> (0x00000000d7790110) thrown at [C:\src\AOSP-openjdk-git\hotspot\src\share\vm\prims\jni.cpp, line 1615]
Event: 2.480 Thread 0x0000000019c81000 Exception <a 'java/lang/NoSuchMethodError': <clinit>> (0x00000000d7799818) thrown at [C:\src\AOSP-openjdk-git\hotspot\src\share\vm\prims\jni.cpp, line 1615]
Event: 2.482 Thread 0x0000000019c81000 Exception <a 'java/lang/NoSuchMethodError': <clinit>> (0x00000000d77ade00) thrown at [C:\src\AOSP-openjdk-git\hotspot\src\share\vm\prims\jni.cpp, line 1615]
Event: 2.491 Thread 0x0000000019c81000 Exception <a 'java/lang/NoSuchMethodError': <clinit>> (0x00000000d781ad58) thrown at [C:\src\AOSP-openjdk-git\hotspot\src\share\vm\prims\jni.cpp, line 1615]
Event: 2.496 Thread 0x0000000019c81000 Exception <a 'java/lang/NoSuchMethodError': <clinit>> (0x00000000d7855220) thrown at [C:\src\AOSP-openjdk-git\hotspot\src\share\vm\prims\jni.cpp, line 1615]
Event: 2.500 Thread 0x0000000019c81000 Exception <a 'java/lang/NoSuchMethodError': <clinit>> (0x00000000d788ad68) thrown at [C:\src\AOSP-openjdk-git\hotspot\src\share\vm\prims\jni.cpp, line 1615]
Event: 2.501 Thread 0x0000000019c81000 Exception <a 'java/lang/NoSuchMethodError': <clinit>> (0x00000000d78972c8) thrown at [C:\src\AOSP-openjdk-git\hotspot\src\share\vm\prims\jni.cpp, line 1615]
Event: 3.349 Thread 0x000000001aedb000 Exception <a 'java/lang/NoSuchMethodError': java.lang.Object.lambda$and$0(Ljava/util/function/Predicate;Ljava/lang/Object;)Z> (0x00000000d5d2ffa0) thrown at [C:\src\AOSP-openjdk-git\hotspot\src\share\vm\interpreter\linkResolver.cpp, line 620]
Event: 3.365 Thread 0x000000001aedb000 Exception <a 'java/lang/IncompatibleClassChangeError': Found class java.lang.Object, but interface was expected> (0x00000000d5d40298) thrown at [C:\src\AOSP-openjdk-git\hotspot\src\share\vm\interpreter\linkResolver.cpp, line 653]
Event: 3.368 Thread 0x000000001aedb000 Exception <a 'java/lang/NoSuchMethodError': java.lang.Object.lambda$or$2(Ljava/util/function/Predicate;Ljava/lang/Object;)Z> (0x00000000d5d44de8) thrown at [C:\src\AOSP-openjdk-git\hotspot\src\share\vm\interpreter\linkResolver.cpp, line 620]

Events (10 events):
Event: 3.508 loading class org/gradle/api/internal/project/ProjectIdentifier
Event: 3.508 loading class org/gradle/api/internal/project/ProjectIdentifier done
Event: 3.508 loading class org/gradle/api/internal/file/HasScriptServices
Event: 3.508 loading class org/gradle/api/internal/file/HasScriptServices done
Event: 3.509 loading class org/gradle/api/internal/DomainObjectContext
Event: 3.509 loading class org/gradle/api/internal/DomainObjectContext done
Event: 3.509 loading class org/gradle/model/internal/registry/ModelRegistryScope
Event: 3.509 loading class org/gradle/model/internal/registry/ModelRegistryScope done
Event: 3.510 loading class org/gradle/api/internal/plugins/PluginAwareInternal
Event: 3.510 loading class org/gradle/api/internal/plugins/PluginAwareInternal done


Dynamic libraries:
0x00007ff6f9000000 - 0x00007ff6f9031000 	C:\Program Files\Android\Android Studio\jre\bin\java.exe
0x00007ffb76190000 - 0x00007ffb7638e000 	C:\WINDOWS\SYSTEM32\ntdll.dll
0x00007ffb74820000 - 0x00007ffb748dc000 	C:\WINDOWS\System32\KERNEL32.DLL
0x00007ffb73b10000 - 0x00007ffb73e50000 	C:\WINDOWS\System32\KERNELBASE.dll
0x00007ffb70f80000 - 0x00007ffb71012000 	C:\WINDOWS\SYSTEM32\apphelp.dll
0x00007ffb749b0000 - 0x00007ffb74a5b000 	C:\WINDOWS\System32\ADVAPI32.dll
0x00007ffb75fc0000 - 0x00007ffb76062000 	C:\WINDOWS\System32\msvcrt.dll
0x00007ffb755c0000 - 0x00007ffb75662000 	C:\WINDOWS\System32\sechost.dll
0x00007ffb74bd0000 - 0x00007ffb74cf3000 	C:\WINDOWS\System32\RPCRT4.dll
0x00007ffb740b0000 - 0x00007ffb74255000 	C:\WINDOWS\System32\USER32.dll
0x00007ffb73ea0000 - 0x00007ffb73ec6000 	C:\WINDOWS\System32\win32u.dll
0x00007ffb74520000 - 0x00007ffb7454b000 	C:\WINDOWS\System32\GDI32.dll
0x00007ffb738e0000 - 0x00007ffb739eb000 	C:\WINDOWS\System32\gdi32full.dll
0x00007ffb739f0000 - 0x00007ffb73a97000 	C:\WINDOWS\System32\msvcp_win.dll
0x00007ffb73ed0000 - 0x00007ffb73fe3000 	C:\WINDOWS\System32\ucrtbase.dll
0x00007ffb64ce0000 - 0x00007ffb64f86000 	C:\WINDOWS\WinSxS\amd64_microsoft.windows.common-controls_6595b64144ccf1df_6.0.20175.1000_none_8e9f0e64aa406c8e\COMCTL32.dll
0x00007ffb74330000 - 0x00007ffb74361000 	C:\WINDOWS\System32\IMM32.DLL
0x0000000059810000 - 0x00000000598e2000 	C:\Program Files\Android\Android Studio\jre\jre\bin\msvcr100.dll
0x0000000059be0000 - 0x000000005a42b000 	C:\Program Files\Android\Android Studio\jre\jre\bin\server\jvm.dll
0x00007ffb75670000 - 0x00007ffb75678000 	C:\WINDOWS\System32\PSAPI.DLL
0x00007ffb692e0000 - 0x00007ffb692ea000 	C:\WINDOWS\SYSTEM32\WSOCK32.dll
0x00007ffb68e90000 - 0x00007ffb68eb6000 	C:\WINDOWS\SYSTEM32\WINMM.dll
0x00007ffb74a60000 - 0x00007ffb74ad1000 	C:\WINDOWS\System32\WS2_32.dll
0x00007ffb69f60000 - 0x00007ffb69f6a000 	C:\WINDOWS\SYSTEM32\VERSION.dll
0x00007ffb6e6d0000 - 0x00007ffb6e6df000 	C:\Program Files\Android\Android Studio\jre\jre\bin\verify.dll
0x00007ffb641f0000 - 0x00007ffb64219000 	C:\Program Files\Android\Android Studio\jre\jre\bin\java.dll
0x00007ffb6b6a0000 - 0x00007ffb6b6b6000 	C:\Program Files\Android\Android Studio\jre\jre\bin\zip.dll
0x00007ffb74d00000 - 0x00007ffb75493000 	C:\WINDOWS\System32\SHELL32.dll
0x00007ffb719e0000 - 0x00007ffb72280000 	C:\WINDOWS\SYSTEM32\windows.storage.dll
0x00007ffb757c0000 - 0x00007ffb75b3d000 	C:\WINDOWS\System32\combase.dll
0x00007ffb74260000 - 0x00007ffb74322000 	C:\WINDOWS\System32\SHCORE.dll
0x00007ffb747b0000 - 0x00007ffb74807000 	C:\WINDOWS\System32\shlwapi.dll
0x00007ffb73640000 - 0x00007ffb73660000 	C:\WINDOWS\SYSTEM32\profapi.dll
0x00007ffb69330000 - 0x00007ffb6934a000 	C:\Program Files\Android\Android Studio\jre\jre\bin\net.dll
0x00007ffb72e80000 - 0x00007ffb72ee8000 	C:\WINDOWS\system32\mswsock.dll
0x00007ffb690f0000 - 0x00007ffb69103000 	C:\Program Files\Android\Android Studio\jre\jre\bin\nio.dll
0x00007ffb66c60000 - 0x00007ffb66c87000 	C:\Users\romar\.gradle\native\f6784746aeab05261644944871eae4fe03e0ef1612fff0a4a95f87b438bc6780\windows-amd64\native-platform.dll
0x00007ffb6d110000 - 0x00007ffb6d11d000 	C:\Program Files\Android\Android Studio\jre\jre\bin\management.dll
0x00007ffb730c0000 - 0x00007ffb730d8000 	C:\WINDOWS\SYSTEM32\CRYPTSP.dll
0x00007ffb72800000 - 0x00007ffb72835000 	C:\WINDOWS\system32\rsaenh.dll
0x00007ffb72f70000 - 0x00007ffb72f9e000 	C:\WINDOWS\SYSTEM32\USERENV.dll
0x00007ffb73210000 - 0x00007ffb73237000 	C:\WINDOWS\SYSTEM32\bcrypt.dll
0x00007ffb73700000 - 0x00007ffb73779000 	C:\WINDOWS\System32\bcryptprimitives.dll
0x00007ffb730e0000 - 0x00007ffb730ec000 	C:\WINDOWS\SYSTEM32\CRYPTBASE.dll
0x00007ffb72b30000 - 0x00007ffb72b5d000 	C:\WINDOWS\SYSTEM32\IPHLPAPI.DLL
0x00007ffb75fb0000 - 0x00007ffb75fb9000 	C:\WINDOWS\System32\NSI.dll
0x00007ffb6b0d0000 - 0x00007ffb6b0e7000 	C:\WINDOWS\SYSTEM32\dhcpcsvc6.DLL
0x00007ffb6b420000 - 0x00007ffb6b43d000 	C:\WINDOWS\SYSTEM32\dhcpcsvc.DLL
0x00007ffb72b60000 - 0x00007ffb72c34000 	C:\WINDOWS\SYSTEM32\DNSAPI.dll
0x00007ffb6c130000 - 0x00007ffb6c13c000 	C:\WINDOWS\SYSTEM32\WINNSI.DLL

VM Arguments:
jvm_args: -Xmx2048m -Dfile.encoding=UTF-8 -Duser.country=US -Duser.language=en -Duser.variant 
java_command: org.gradle.launcher.daemon.bootstrap.GradleDaemon 6.5
java_class_path (initial): C:\Users\romar\.gradle\wrapper\dists\gradle-6.5-bin\6nifqtx7604sqp1q6g8wikw7p\gradle-6.5\lib\gradle-launcher-6.5.jar
Launcher Type: SUN_STANDARD

Environment Variables:
PATH=C:\Program Files (x86)\Razer\ChromaBroadcast\bin;C:\Program Files\Razer\ChromaBroadcast\bin;C:\Program Files (x86)\Common Files\Oracle\Java\javapath;C:\WINDOWS\system32;C:\WINDOWS;C:\WINDOWS\System32\Wbem;C:\WINDOWS\System32\WindowsPowerShell\v1.0\;C:\WINDOWS\System32\OpenSSH\;C:\Program Files\Git\cmd;C:\WINDOWS\system32\config\systemprofile\AppData\Local\Microsoft\WindowsApps;C:\Users\romar\AppData\Local\Microsoft\WindowsApps;
USERNAME=romar
OS=Windows_NT
PROCESSOR_IDENTIFIER=Intel64 Family 6 Model 158 Stepping 9, GenuineIntel



---------------  S Y S T E M  ---------------

OS: Windows 10.0 , 64 bit Build 20175 (10.0.20175.1000)

CPU:total 4 (initial active 4) (4 cores per cpu, 1 threads per core) family 6 model 158 stepping 9, cmov, cx8, fxsr, mmx, sse, sse2, sse3, ssse3, sse4.1, sse4.2, popcnt, avx, avx2, aes, clmul, erms, 3dnowpref, lzcnt, tsc, tscinvbit, bmi1, bmi2, adx

Memory: 4k page, physical 16733856k(577164k free), swap 45960168k(5180k free)

vm_info: OpenJDK 64-Bit Server VM (25.242-b01) for windows-amd64 JRE (1.8.0_242-release-1644-b01), built by "builder" with MS VC++ 10.0 (VS2010)

time: Fri Jan 15 00:23:07 2021
timezone: Russia TZ 2 Standard Time
elapsed time: 3 seconds (0d 0h 0m 3s)

